<?xml version="1.0" encoding="UTF-8" ?>

<testsuite failures="0" time="0.015" errors="0" skipped="0" tests="1" name="ApplicationTest">
  <testcase classname="ApplicationTest" name="testThatOptOutLinkExists" time="0.015">
      </testcase>
</testsuite>
